<?xml version="1.0" encoding="UTF-8"?>
<!-- Generated by org.testng.reporters.JUnitReportReporter -->
<testsuite hostname="GSOD-SCHAMBERLIN" name="SeleniumTraining.KiaTraining.Exercise10" tests="3" failures="0" timestamp="18 Aug 2017 19:55:44 GMT" time="62.834" errors="0">
  <testcase name="runExercise10a" time="45.413" classname="SeleniumTraining.KiaTraining.Exercise10"/>
  <testcase name="runExercise10c" time="12.070" classname="SeleniumTraining.KiaTraining.Exercise10"/>
  <testcase name="runExercise10b" time="5.351" classname="SeleniumTraining.KiaTraining.Exercise10"/>
</testsuite> <!-- SeleniumTraining.KiaTraining.Exercise10 -->
