<?xml version="1.0" encoding="UTF-8"?>
<!-- Generated by org.testng.reporters.JUnitReportReporter -->
<testsuite hostname="GSOD-SCHAMBERLIN" name="SeleniumTraining.KiaTraining.Exercise8" tests="1" failures="0" timestamp="22 Aug 2017 13:54:09 GMT" time="5.473" errors="0">
  <testcase name="runExercise8" time="5.473" classname="SeleniumTraining.KiaTraining.Exercise8"/>
</testsuite> <!-- SeleniumTraining.KiaTraining.Exercise8 -->
