<?xml version="1.0" encoding="UTF-8"?>
<!-- Generated by org.testng.reporters.JUnitReportReporter -->
<testsuite hostname="GSOD-SCHAMBERLIN" name="SeleniumTraining.KiaTraining.KiaTest" tests="1" failures="0" timestamp="21 Jun 2017 19:50:46 GMT" time="36.763" errors="0">
  <testcase name="testmethod" time="36.763" classname="SeleniumTraining.KiaTraining.KiaTest"/>
</testsuite> <!-- SeleniumTraining.KiaTraining.KiaTest -->
