<?xml version="1.0" encoding="UTF-8"?>
<!-- Generated by org.testng.reporters.JUnitReportReporter -->
<testsuite hostname="GSOD-SCHAMBERLIN" name="SeleniumTraining.KiaTraining.Exercise7" tests="1" failures="0" timestamp="13 Jul 2017 19:56:47 GMT" time="21.969" errors="0">
  <testcase name="runExercise7" time="21.969" classname="SeleniumTraining.KiaTraining.Exercise7"/>
</testsuite> <!-- SeleniumTraining.KiaTraining.Exercise7 -->
