<?xml version="1.0" encoding="UTF-8"?>
<!-- Generated by org.testng.reporters.JUnitReportReporter -->
<testsuite hostname="GSOD-SCHAMBERLIN" name="SeleniumTraining.KiaTraining.Exercise6" tests="1" failures="0" timestamp="7 Jul 2017 17:43:55 GMT" time="7.762" errors="0">
  <testcase name="runExercise6" time="7.762" classname="SeleniumTraining.KiaTraining.Exercise6"/>
</testsuite> <!-- SeleniumTraining.KiaTraining.Exercise6 -->
