<?xml version="1.0" encoding="UTF-8"?>
<!-- Generated by org.testng.reporters.JUnitReportReporter -->
<testsuite hostname="GSOD-SCHAMBERLIN" name="SeleniumTraining.KiaTraining.Exercise9b" tests="1" failures="0" timestamp="18 Aug 2017 12:40:26 GMT" time="32.730" errors="0">
  <testcase name="runExercise9a" time="32.730" classname="SeleniumTraining.KiaTraining.Exercise9b"/>
</testsuite> <!-- SeleniumTraining.KiaTraining.Exercise9b -->
