<?xml version="1.0" encoding="UTF-8"?>
<!-- Generated by org.testng.reporters.JUnitReportReporter -->
<testsuite hostname="GSOD-SCHAMBERLIN" name="SeleniumTraining.KiaTraining.Exercise8" tests="1" failures="0" timestamp="10 Aug 2017 20:57:36 GMT" time="20.141" errors="0">
  <testcase name="runExercise6" time="20.141" classname="SeleniumTraining.KiaTraining.Exercise8"/>
</testsuite> <!-- SeleniumTraining.KiaTraining.Exercise8 -->
