<?xml version="1.0" encoding="UTF-8"?>
<!-- Generated by org.testng.reporters.JUnitReportReporter -->
<testsuite hostname="GSOD-SCHAMBERLIN" name="SeleniumTraining.KiaTraining.Exercise9a" tests="1" failures="0" timestamp="18 Aug 2017 12:42:26 GMT" time="7.878" errors="0">
  <testcase name="runExercise9a" time="7.878" classname="SeleniumTraining.KiaTraining.Exercise9a"/>
</testsuite> <!-- SeleniumTraining.KiaTraining.Exercise9a -->
